e:/edkii/shelldevkit/Build/EdkShellPkg/RELEASE_VS2013x86/X64/EdkShellPkg/Shell/Library/EfiShellLib/OUTPUT/ShellDebug.obj
e:/edkii/shelldevkit/Build/EdkShellPkg/RELEASE_VS2013x86/X64/EdkShellPkg/Shell/Library/EfiShellLib/OUTPUT/DPath.obj
e:/edkii/shelldevkit/Build/EdkShellPkg/RELEASE_VS2013x86/X64/EdkShellPkg/Shell/Library/EfiShellLib/OUTPUT/Init.obj
e:/edkii/shelldevkit/Build/EdkShellPkg/RELEASE_VS2013x86/X64/EdkShellPkg/Shell/Library/EfiShellLib/OUTPUT/Lock.obj
e:/edkii/shelldevkit/Build/EdkShellPkg/RELEASE_VS2013x86/X64/EdkShellPkg/Shell/Library/EfiShellLib/OUTPUT/Str.obj
e:/edkii/shelldevkit/Build/EdkShellPkg/RELEASE_VS2013x86/X64/EdkShellPkg/Shell/Library/EfiShellLib/OUTPUT/IO.obj
e:/edkii/shelldevkit/Build/EdkShellPkg/RELEASE_VS2013x86/X64/EdkShellPkg/Shell/Library/EfiShellLib/OUTPUT/Mem.obj
e:/edkii/shelldevkit/Build/EdkShellPkg/RELEASE_VS2013x86/X64/EdkShellPkg/Shell/Library/EfiShellLib/OUTPUT/Misc.obj
e:/edkii/shelldevkit/Build/EdkShellPkg/RELEASE_VS2013x86/X64/EdkShellPkg/Shell/Library/EfiShellLib/OUTPUT/Data.obj
e:/edkii/shelldevkit/Build/EdkShellPkg/RELEASE_VS2013x86/X64/EdkShellPkg/Shell/Library/EfiShellLib/OUTPUT/RtData.obj
e:/edkii/shelldevkit/Build/EdkShellPkg/RELEASE_VS2013x86/X64/EdkShellPkg/Shell/Library/EfiShellLib/OUTPUT/ShellEnvInt.obj
e:/edkii/shelldevkit/Build/EdkShellPkg/RELEASE_VS2013x86/X64/EdkShellPkg/Shell/Library/EfiShellLib/OUTPUT/Handle.obj
e:/edkii/shelldevkit/Build/EdkShellPkg/RELEASE_VS2013x86/X64/EdkShellPkg/Shell/Library/EfiShellLib/OUTPUT/FileIO.obj
e:/edkii/shelldevkit/Build/EdkShellPkg/RELEASE_VS2013x86/X64/EdkShellPkg/Shell/Library/EfiShellLib/OUTPUT/ConsistMapping.obj
e:/edkii/shelldevkit/Build/EdkShellPkg/RELEASE_VS2013x86/X64/EdkShellPkg/Shell/Library/EfiShellLib/OUTPUT/CRC.obj
e:/edkii/shelldevkit/Build/EdkShellPkg/RELEASE_VS2013x86/X64/EdkShellPkg/Shell/Library/EfiShellLib/OUTPUT/Event.obj
e:/edkii/shelldevkit/Build/EdkShellPkg/RELEASE_VS2013x86/X64/EdkShellPkg/Shell/Library/EfiShellLib/OUTPUT/Perf.obj
e:/edkii/shelldevkit/Build/EdkShellPkg/RELEASE_VS2013x86/X64/EdkShellPkg/Shell/Library/EfiShellLib/OUTPUT/VarCheck.obj
e:/edkii/shelldevkit/Build/EdkShellPkg/RELEASE_VS2013x86/X64/EdkShellPkg/Shell/Library/EfiShellLib/OUTPUT/HiiSupport.obj
e:/edkii/shelldevkit/Build/EdkShellPkg/RELEASE_VS2013x86/X64/EdkShellPkg/Shell/Library/EfiShellLib/OUTPUT/IPF/math.obj
e:/edkii/shelldevkit/Build/EdkShellPkg/RELEASE_VS2013x86/X64/EdkShellPkg/Shell/Library/EfiShellLib/OUTPUT/IA32/initplat.obj