e:/edkii/shelldevkit/Build/EdkShellPkg/RELEASE_VS2013x86/X64/EdkCompatibilityPkg/Foundation/Framework/Protocol/EdkFrameworkProtocolLib/OUTPUT/AcpiS3Save/AcpiS3Save.obj
e:/edkii/shelldevkit/Build/EdkShellPkg/RELEASE_VS2013x86/X64/EdkCompatibilityPkg/Foundation/Framework/Protocol/EdkFrameworkProtocolLib/OUTPUT/AcpiSupport/AcpiSupport.obj
e:/edkii/shelldevkit/Build/EdkShellPkg/RELEASE_VS2013x86/X64/EdkCompatibilityPkg/Foundation/Framework/Protocol/EdkFrameworkProtocolLib/OUTPUT/BootScriptSave/BootScriptSave.obj
e:/edkii/shelldevkit/Build/EdkShellPkg/RELEASE_VS2013x86/X64/EdkCompatibilityPkg/Foundation/Framework/Protocol/EdkFrameworkProtocolLib/OUTPUT/CpuIo/CpuIo.obj
e:/edkii/shelldevkit/Build/EdkShellPkg/RELEASE_VS2013x86/X64/EdkCompatibilityPkg/Foundation/Framework/Protocol/EdkFrameworkProtocolLib/OUTPUT/DataHub/DataHub.obj
e:/edkii/shelldevkit/Build/EdkShellPkg/RELEASE_VS2013x86/X64/EdkCompatibilityPkg/Foundation/Framework/Protocol/EdkFrameworkProtocolLib/OUTPUT/FirmwareVolume/FirmwareVolume.obj
e:/edkii/shelldevkit/Build/EdkShellPkg/RELEASE_VS2013x86/X64/EdkCompatibilityPkg/Foundation/Framework/Protocol/EdkFrameworkProtocolLib/OUTPUT/FirmwareVolume2/FirmwareVolume2.obj
e:/edkii/shelldevkit/Build/EdkShellPkg/RELEASE_VS2013x86/X64/EdkCompatibilityPkg/Foundation/Framework/Protocol/EdkFrameworkProtocolLib/OUTPUT/FirmwareVolumeBlock/FirmwareVolumeBlock.obj
e:/edkii/shelldevkit/Build/EdkShellPkg/RELEASE_VS2013x86/X64/EdkCompatibilityPkg/Foundation/Framework/Protocol/EdkFrameworkProtocolLib/OUTPUT/FormBrowser/FormBrowser.obj
e:/edkii/shelldevkit/Build/EdkShellPkg/RELEASE_VS2013x86/X64/EdkCompatibilityPkg/Foundation/Framework/Protocol/EdkFrameworkProtocolLib/OUTPUT/FormCallback/FormCallback.obj
e:/edkii/shelldevkit/Build/EdkShellPkg/RELEASE_VS2013x86/X64/EdkCompatibilityPkg/Foundation/Framework/Protocol/EdkFrameworkProtocolLib/OUTPUT/Hii/Hii.obj
e:/edkii/shelldevkit/Build/EdkShellPkg/RELEASE_VS2013x86/X64/EdkCompatibilityPkg/Foundation/Framework/Protocol/EdkFrameworkProtocolLib/OUTPUT/IdeControllerInit/IdeControllerInit.obj
e:/edkii/shelldevkit/Build/EdkShellPkg/RELEASE_VS2013x86/X64/EdkCompatibilityPkg/Foundation/Framework/Protocol/EdkFrameworkProtocolLib/OUTPUT/IncompatiblePciDeviceSupport/IncompatiblePciDeviceSupport.obj
e:/edkii/shelldevkit/Build/EdkShellPkg/RELEASE_VS2013x86/X64/EdkCompatibilityPkg/Foundation/Framework/Protocol/EdkFrameworkProtocolLib/OUTPUT/Legacy8259/Legacy8259.obj
e:/edkii/shelldevkit/Build/EdkShellPkg/RELEASE_VS2013x86/X64/EdkCompatibilityPkg/Foundation/Framework/Protocol/EdkFrameworkProtocolLib/OUTPUT/LegacyBios/LegacyBios.obj
e:/edkii/shelldevkit/Build/EdkShellPkg/RELEASE_VS2013x86/X64/EdkCompatibilityPkg/Foundation/Framework/Protocol/EdkFrameworkProtocolLib/OUTPUT/LegacyBiosPlatform/LegacyBiosPlatform.obj
e:/edkii/shelldevkit/Build/EdkShellPkg/RELEASE_VS2013x86/X64/EdkCompatibilityPkg/Foundation/Framework/Protocol/EdkFrameworkProtocolLib/OUTPUT/LegacyInterrupt/LegacyInterrupt.obj
e:/edkii/shelldevkit/Build/EdkShellPkg/RELEASE_VS2013x86/X64/EdkCompatibilityPkg/Foundation/Framework/Protocol/EdkFrameworkProtocolLib/OUTPUT/LegacyRegion/LegacyRegion.obj
e:/edkii/shelldevkit/Build/EdkShellPkg/RELEASE_VS2013x86/X64/EdkCompatibilityPkg/Foundation/Framework/Protocol/EdkFrameworkProtocolLib/OUTPUT/PciHostBridgeResourceAllocation/PciHostBridgeResourceAllocation.obj
e:/edkii/shelldevkit/Build/EdkShellPkg/RELEASE_VS2013x86/X64/EdkCompatibilityPkg/Foundation/Framework/Protocol/EdkFrameworkProtocolLib/OUTPUT/PciHotPlugInit/PciHotPlugInit.obj
e:/edkii/shelldevkit/Build/EdkShellPkg/RELEASE_VS2013x86/X64/EdkCompatibilityPkg/Foundation/Framework/Protocol/EdkFrameworkProtocolLib/OUTPUT/PciPlatform/PciPlatform.obj
e:/edkii/shelldevkit/Build/EdkShellPkg/RELEASE_VS2013x86/X64/EdkCompatibilityPkg/Foundation/Framework/Protocol/EdkFrameworkProtocolLib/OUTPUT/SectionExtraction/SectionExtraction.obj
e:/edkii/shelldevkit/Build/EdkShellPkg/RELEASE_VS2013x86/X64/EdkCompatibilityPkg/Foundation/Framework/Protocol/EdkFrameworkProtocolLib/OUTPUT/SecurityPolicy/SecurityPolicy.obj
e:/edkii/shelldevkit/Build/EdkShellPkg/RELEASE_VS2013x86/X64/EdkCompatibilityPkg/Foundation/Framework/Protocol/EdkFrameworkProtocolLib/OUTPUT/Smbus/Smbus.obj
e:/edkii/shelldevkit/Build/EdkShellPkg/RELEASE_VS2013x86/X64/EdkCompatibilityPkg/Foundation/Framework/Protocol/EdkFrameworkProtocolLib/OUTPUT/SmmAccess/SmmAccess.obj
e:/edkii/shelldevkit/Build/EdkShellPkg/RELEASE_VS2013x86/X64/EdkCompatibilityPkg/Foundation/Framework/Protocol/EdkFrameworkProtocolLib/OUTPUT/SmmBase/SmmBase.obj
e:/edkii/shelldevkit/Build/EdkShellPkg/RELEASE_VS2013x86/X64/EdkCompatibilityPkg/Foundation/Framework/Protocol/EdkFrameworkProtocolLib/OUTPUT/SmmControl/SmmControl.obj
e:/edkii/shelldevkit/Build/EdkShellPkg/RELEASE_VS2013x86/X64/EdkCompatibilityPkg/Foundation/Framework/Protocol/EdkFrameworkProtocolLib/OUTPUT/SmmCpuState/SmmCpuState.obj
e:/edkii/shelldevkit/Build/EdkShellPkg/RELEASE_VS2013x86/X64/EdkCompatibilityPkg/Foundation/Framework/Protocol/EdkFrameworkProtocolLib/OUTPUT/SmmGpiDispatch/SmmGpiDispatch.obj
e:/edkii/shelldevkit/Build/EdkShellPkg/RELEASE_VS2013x86/X64/EdkCompatibilityPkg/Foundation/Framework/Protocol/EdkFrameworkProtocolLib/OUTPUT/SmmIchnDispatch/SmmIchnDispatch.obj
e:/edkii/shelldevkit/Build/EdkShellPkg/RELEASE_VS2013x86/X64/EdkCompatibilityPkg/Foundation/Framework/Protocol/EdkFrameworkProtocolLib/OUTPUT/SmmPeriodicTimerDispatch/SmmPeriodicTimerDispatch.obj
e:/edkii/shelldevkit/Build/EdkShellPkg/RELEASE_VS2013x86/X64/EdkCompatibilityPkg/Foundation/Framework/Protocol/EdkFrameworkProtocolLib/OUTPUT/SmmPowerButtonDispatch/SmmPowerButtonDispatch.obj
e:/edkii/shelldevkit/Build/EdkShellPkg/RELEASE_VS2013x86/X64/EdkCompatibilityPkg/Foundation/Framework/Protocol/EdkFrameworkProtocolLib/OUTPUT/SmmStandbyButtonDispatch/SmmStandbyButtonDispatch.obj
e:/edkii/shelldevkit/Build/EdkShellPkg/RELEASE_VS2013x86/X64/EdkCompatibilityPkg/Foundation/Framework/Protocol/EdkFrameworkProtocolLib/OUTPUT/SmmStatusCode/SmmStatusCode.obj
e:/edkii/shelldevkit/Build/EdkShellPkg/RELEASE_VS2013x86/X64/EdkCompatibilityPkg/Foundation/Framework/Protocol/EdkFrameworkProtocolLib/OUTPUT/SmmSwDispatch/SmmSwDispatch.obj
e:/edkii/shelldevkit/Build/EdkShellPkg/RELEASE_VS2013x86/X64/EdkCompatibilityPkg/Foundation/Framework/Protocol/EdkFrameworkProtocolLib/OUTPUT/SmmSxDispatch/SmmSxDispatch.obj
e:/edkii/shelldevkit/Build/EdkShellPkg/RELEASE_VS2013x86/X64/EdkCompatibilityPkg/Foundation/Framework/Protocol/EdkFrameworkProtocolLib/OUTPUT/SmmUsbDispatch/SmmUsbDispatch.obj