e:/edkii/shelldevkit/Build/EdkShellPkg/RELEASE_VS2013x86/X64/EdkCompatibilityPkg/Foundation/Protocol/EdkProtocolLib/OUTPUT/ConsoleControl/ConsoleControl.obj
e:/edkii/shelldevkit/Build/EdkShellPkg/RELEASE_VS2013x86/X64/EdkCompatibilityPkg/Foundation/Protocol/EdkProtocolLib/OUTPUT/CustomizedDecompress/CustomizedDecompress.obj
e:/edkii/shelldevkit/Build/EdkShellPkg/RELEASE_VS2013x86/X64/EdkCompatibilityPkg/Foundation/Protocol/EdkProtocolLib/OUTPUT/DebugAssert/DebugAssert.obj
e:/edkii/shelldevkit/Build/EdkShellPkg/RELEASE_VS2013x86/X64/EdkCompatibilityPkg/Foundation/Protocol/EdkProtocolLib/OUTPUT/DebugMask/DebugMask.obj
e:/edkii/shelldevkit/Build/EdkShellPkg/RELEASE_VS2013x86/X64/EdkCompatibilityPkg/Foundation/Protocol/EdkProtocolLib/OUTPUT/DebugSerialIo/DebugSerialIo.obj
e:/edkii/shelldevkit/Build/EdkShellPkg/RELEASE_VS2013x86/X64/EdkCompatibilityPkg/Foundation/Protocol/EdkProtocolLib/OUTPUT/DiskInfo/DiskInfo.obj
e:/edkii/shelldevkit/Build/EdkShellPkg/RELEASE_VS2013x86/X64/EdkCompatibilityPkg/Foundation/Protocol/EdkProtocolLib/OUTPUT/Dpc/Dpc.obj
e:/edkii/shelldevkit/Build/EdkShellPkg/RELEASE_VS2013x86/X64/EdkCompatibilityPkg/Foundation/Protocol/EdkProtocolLib/OUTPUT/EfiOemBadging/EfiOemBadging.obj
e:/edkii/shelldevkit/Build/EdkShellPkg/RELEASE_VS2013x86/X64/EdkCompatibilityPkg/Foundation/Protocol/EdkProtocolLib/OUTPUT/FaultTolerantWriteLite/FaultTolerantWriteLite.obj
e:/edkii/shelldevkit/Build/EdkShellPkg/RELEASE_VS2013x86/X64/EdkCompatibilityPkg/Foundation/Protocol/EdkProtocolLib/OUTPUT/FirmwareVolumeDispatch/FirmwareVolumeDispatch.obj
e:/edkii/shelldevkit/Build/EdkShellPkg/RELEASE_VS2013x86/X64/EdkCompatibilityPkg/Foundation/Protocol/EdkProtocolLib/OUTPUT/FvbExtension/FvbExtension.obj
e:/edkii/shelldevkit/Build/EdkShellPkg/RELEASE_VS2013x86/X64/EdkCompatibilityPkg/Foundation/Protocol/EdkProtocolLib/OUTPUT/GenericMemoryTest/GenericMemoryTest.obj
e:/edkii/shelldevkit/Build/EdkShellPkg/RELEASE_VS2013x86/X64/EdkCompatibilityPkg/Foundation/Protocol/EdkProtocolLib/OUTPUT/GuidedSectionExtraction/GuidedSectionExtraction.obj
e:/edkii/shelldevkit/Build/EdkShellPkg/RELEASE_VS2013x86/X64/EdkCompatibilityPkg/Foundation/Protocol/EdkProtocolLib/OUTPUT/IsaAcpi/IsaAcpi.obj
e:/edkii/shelldevkit/Build/EdkShellPkg/RELEASE_VS2013x86/X64/EdkCompatibilityPkg/Foundation/Protocol/EdkProtocolLib/OUTPUT/IsaIo/IsaIo.obj
e:/edkii/shelldevkit/Build/EdkShellPkg/RELEASE_VS2013x86/X64/EdkCompatibilityPkg/Foundation/Protocol/EdkProtocolLib/OUTPUT/LegacyBiosThunk/LegacyBiosThunk.obj
e:/edkii/shelldevkit/Build/EdkShellPkg/RELEASE_VS2013x86/X64/EdkCompatibilityPkg/Foundation/Protocol/EdkProtocolLib/OUTPUT/LoadPe32Image/LoadPe32Image.obj
e:/edkii/shelldevkit/Build/EdkShellPkg/RELEASE_VS2013x86/X64/EdkCompatibilityPkg/Foundation/Protocol/EdkProtocolLib/OUTPUT/NicIp4Config/NicIp4Config.obj
e:/edkii/shelldevkit/Build/EdkShellPkg/RELEASE_VS2013x86/X64/EdkCompatibilityPkg/Foundation/Protocol/EdkProtocolLib/OUTPUT/PciHotPlugRequest/PciHotPlugRequest.obj
e:/edkii/shelldevkit/Build/EdkShellPkg/RELEASE_VS2013x86/X64/EdkCompatibilityPkg/Foundation/Protocol/EdkProtocolLib/OUTPUT/Performance/Performance.obj
e:/edkii/shelldevkit/Build/EdkShellPkg/RELEASE_VS2013x86/X64/EdkCompatibilityPkg/Foundation/Protocol/EdkProtocolLib/OUTPUT/PlatformMemTest/PlatformMemTest.obj
e:/edkii/shelldevkit/Build/EdkShellPkg/RELEASE_VS2013x86/X64/EdkCompatibilityPkg/Foundation/Protocol/EdkProtocolLib/OUTPUT/Print/Print.obj
e:/edkii/shelldevkit/Build/EdkShellPkg/RELEASE_VS2013x86/X64/EdkCompatibilityPkg/Foundation/Protocol/EdkProtocolLib/OUTPUT/PxeDhcp4/PxeDhcp4.obj
e:/edkii/shelldevkit/Build/EdkShellPkg/RELEASE_VS2013x86/X64/EdkCompatibilityPkg/Foundation/Protocol/EdkProtocolLib/OUTPUT/PxeDhcp4CallBack/PxeDhcp4CallBack.obj
e:/edkii/shelldevkit/Build/EdkShellPkg/RELEASE_VS2013x86/X64/EdkCompatibilityPkg/Foundation/Protocol/EdkProtocolLib/OUTPUT/Tcp/Tcp.obj
e:/edkii/shelldevkit/Build/EdkShellPkg/RELEASE_VS2013x86/X64/EdkCompatibilityPkg/Foundation/Protocol/EdkProtocolLib/OUTPUT/TianoDecompress/TianoDecompress.obj
e:/edkii/shelldevkit/Build/EdkShellPkg/RELEASE_VS2013x86/X64/EdkCompatibilityPkg/Foundation/Protocol/EdkProtocolLib/OUTPUT/UgaSplash/UgaSplash.obj
e:/edkii/shelldevkit/Build/EdkShellPkg/RELEASE_VS2013x86/X64/EdkCompatibilityPkg/Foundation/Protocol/EdkProtocolLib/OUTPUT/UsbAtapi/UsbAtapi.obj
e:/edkii/shelldevkit/Build/EdkShellPkg/RELEASE_VS2013x86/X64/EdkCompatibilityPkg/Foundation/Protocol/EdkProtocolLib/OUTPUT/VariableStore/VariableStore.obj
e:/edkii/shelldevkit/Build/EdkShellPkg/RELEASE_VS2013x86/X64/EdkCompatibilityPkg/Foundation/Protocol/EdkProtocolLib/OUTPUT/VirtualMemoryAccess/VirtualMemoryAccess.obj
e:/edkii/shelldevkit/Build/EdkShellPkg/RELEASE_VS2013x86/X64/EdkCompatibilityPkg/Foundation/Protocol/EdkProtocolLib/OUTPUT/TcgService/TcgService.obj
e:/edkii/shelldevkit/Build/EdkShellPkg/RELEASE_VS2013x86/X64/EdkCompatibilityPkg/Foundation/Protocol/EdkProtocolLib/OUTPUT/Ps2Policy/Ps2Policy.obj
e:/edkii/shelldevkit/Build/EdkShellPkg/RELEASE_VS2013x86/X64/EdkCompatibilityPkg/Foundation/Protocol/EdkProtocolLib/OUTPUT/VgaMiniPort/VgaMiniPort.obj