e:/edkii/shelldevkit/Build/EdkShellPkg/RELEASE_VS2013x86/X64/EdkCompatibilityPkg/Foundation/Efi/Protocol/EfiProtocolLib/OUTPUT/AbsolutePointer/AbsolutePointer.obj
e:/edkii/shelldevkit/Build/EdkShellPkg/RELEASE_VS2013x86/X64/EdkCompatibilityPkg/Foundation/Efi/Protocol/EfiProtocolLib/OUTPUT/AcpiTable/AcpiTable.obj
e:/edkii/shelldevkit/Build/EdkShellPkg/RELEASE_VS2013x86/X64/EdkCompatibilityPkg/Foundation/Efi/Protocol/EfiProtocolLib/OUTPUT/Arp/Arp.obj
e:/edkii/shelldevkit/Build/EdkShellPkg/RELEASE_VS2013x86/X64/EdkCompatibilityPkg/Foundation/Efi/Protocol/EfiProtocolLib/OUTPUT/AuthenticationInfo/AuthenticationInfo.obj
e:/edkii/shelldevkit/Build/EdkShellPkg/RELEASE_VS2013x86/X64/EdkCompatibilityPkg/Foundation/Efi/Protocol/EfiProtocolLib/OUTPUT/Bis/Bis.obj
e:/edkii/shelldevkit/Build/EdkShellPkg/RELEASE_VS2013x86/X64/EdkCompatibilityPkg/Foundation/Efi/Protocol/EfiProtocolLib/OUTPUT/BlockIo/BlockIo.obj
e:/edkii/shelldevkit/Build/EdkShellPkg/RELEASE_VS2013x86/X64/EdkCompatibilityPkg/Foundation/Efi/Protocol/EfiProtocolLib/OUTPUT/BusSpecificDriverOverride/BusSpecificDriverOverride.obj
e:/edkii/shelldevkit/Build/EdkShellPkg/RELEASE_VS2013x86/X64/EdkCompatibilityPkg/Foundation/Efi/Protocol/EfiProtocolLib/OUTPUT/ComponentName/ComponentName.obj
e:/edkii/shelldevkit/Build/EdkShellPkg/RELEASE_VS2013x86/X64/EdkCompatibilityPkg/Foundation/Efi/Protocol/EfiProtocolLib/OUTPUT/ComponentName2/ComponentName2.obj
e:/edkii/shelldevkit/Build/EdkShellPkg/RELEASE_VS2013x86/X64/EdkCompatibilityPkg/Foundation/Efi/Protocol/EfiProtocolLib/OUTPUT/DebugPort/DebugPort.obj
e:/edkii/shelldevkit/Build/EdkShellPkg/RELEASE_VS2013x86/X64/EdkCompatibilityPkg/Foundation/Efi/Protocol/EfiProtocolLib/OUTPUT/DebugSupport/DebugSupport.obj
e:/edkii/shelldevkit/Build/EdkShellPkg/RELEASE_VS2013x86/X64/EdkCompatibilityPkg/Foundation/Efi/Protocol/EfiProtocolLib/OUTPUT/Decompress/Decompress.obj
e:/edkii/shelldevkit/Build/EdkShellPkg/RELEASE_VS2013x86/X64/EdkCompatibilityPkg/Foundation/Efi/Protocol/EfiProtocolLib/OUTPUT/DeviceIo/DeviceIo.obj
e:/edkii/shelldevkit/Build/EdkShellPkg/RELEASE_VS2013x86/X64/EdkCompatibilityPkg/Foundation/Efi/Protocol/EfiProtocolLib/OUTPUT/DevicePath/DevicePath.obj
e:/edkii/shelldevkit/Build/EdkShellPkg/RELEASE_VS2013x86/X64/EdkCompatibilityPkg/Foundation/Efi/Protocol/EfiProtocolLib/OUTPUT/DevicePathFromText/DevicePathFromText.obj
e:/edkii/shelldevkit/Build/EdkShellPkg/RELEASE_VS2013x86/X64/EdkCompatibilityPkg/Foundation/Efi/Protocol/EfiProtocolLib/OUTPUT/DevicePathToText/DevicePathToText.obj
e:/edkii/shelldevkit/Build/EdkShellPkg/RELEASE_VS2013x86/X64/EdkCompatibilityPkg/Foundation/Efi/Protocol/EfiProtocolLib/OUTPUT/DevicePathUtilities/DevicePathUtilities.obj
e:/edkii/shelldevkit/Build/EdkShellPkg/RELEASE_VS2013x86/X64/EdkCompatibilityPkg/Foundation/Efi/Protocol/EfiProtocolLib/OUTPUT/Dhcp4/Dhcp4.obj
e:/edkii/shelldevkit/Build/EdkShellPkg/RELEASE_VS2013x86/X64/EdkCompatibilityPkg/Foundation/Efi/Protocol/EfiProtocolLib/OUTPUT/DiskIo/DiskIo.obj
e:/edkii/shelldevkit/Build/EdkShellPkg/RELEASE_VS2013x86/X64/EdkCompatibilityPkg/Foundation/Efi/Protocol/EfiProtocolLib/OUTPUT/DriverBinding/DriverBinding.obj
e:/edkii/shelldevkit/Build/EdkShellPkg/RELEASE_VS2013x86/X64/EdkCompatibilityPkg/Foundation/Efi/Protocol/EfiProtocolLib/OUTPUT/DriverConfiguration/DriverConfiguration.obj
e:/edkii/shelldevkit/Build/EdkShellPkg/RELEASE_VS2013x86/X64/EdkCompatibilityPkg/Foundation/Efi/Protocol/EfiProtocolLib/OUTPUT/DriverConfiguration2/DriverConfiguration2.obj
e:/edkii/shelldevkit/Build/EdkShellPkg/RELEASE_VS2013x86/X64/EdkCompatibilityPkg/Foundation/Efi/Protocol/EfiProtocolLib/OUTPUT/DriverDiagnostics/DriverDiagnostics.obj
e:/edkii/shelldevkit/Build/EdkShellPkg/RELEASE_VS2013x86/X64/EdkCompatibilityPkg/Foundation/Efi/Protocol/EfiProtocolLib/OUTPUT/DriverDiagnostics2/DriverDiagnostics2.obj
e:/edkii/shelldevkit/Build/EdkShellPkg/RELEASE_VS2013x86/X64/EdkCompatibilityPkg/Foundation/Efi/Protocol/EfiProtocolLib/OUTPUT/DriverSupportedEfiVersion/DriverSupportedEfiVersion.obj
e:/edkii/shelldevkit/Build/EdkShellPkg/RELEASE_VS2013x86/X64/EdkCompatibilityPkg/Foundation/Efi/Protocol/EfiProtocolLib/OUTPUT/Ebc/Ebc.obj
e:/edkii/shelldevkit/Build/EdkShellPkg/RELEASE_VS2013x86/X64/EdkCompatibilityPkg/Foundation/Efi/Protocol/EfiProtocolLib/OUTPUT/EdidActive/EdidActive.obj
e:/edkii/shelldevkit/Build/EdkShellPkg/RELEASE_VS2013x86/X64/EdkCompatibilityPkg/Foundation/Efi/Protocol/EfiProtocolLib/OUTPUT/EdidDiscovered/EdidDiscovered.obj
e:/edkii/shelldevkit/Build/EdkShellPkg/RELEASE_VS2013x86/X64/EdkCompatibilityPkg/Foundation/Efi/Protocol/EfiProtocolLib/OUTPUT/EdidOverride/EdidOverride.obj
e:/edkii/shelldevkit/Build/EdkShellPkg/RELEASE_VS2013x86/X64/EdkCompatibilityPkg/Foundation/Efi/Protocol/EfiProtocolLib/OUTPUT/EfiNetworkInterfaceIdentifier/EfiNetworkInterfaceIdentifier.obj
e:/edkii/shelldevkit/Build/EdkShellPkg/RELEASE_VS2013x86/X64/EdkCompatibilityPkg/Foundation/Efi/Protocol/EfiProtocolLib/OUTPUT/FileInfo/FileInfo.obj
e:/edkii/shelldevkit/Build/EdkShellPkg/RELEASE_VS2013x86/X64/EdkCompatibilityPkg/Foundation/Efi/Protocol/EfiProtocolLib/OUTPUT/FileSystemInfo/FileSystemInfo.obj
e:/edkii/shelldevkit/Build/EdkShellPkg/RELEASE_VS2013x86/X64/EdkCompatibilityPkg/Foundation/Efi/Protocol/EfiProtocolLib/OUTPUT/FileSystemVolumeLabelInfo/FileSystemVolumeLabelInfo.obj
e:/edkii/shelldevkit/Build/EdkShellPkg/RELEASE_VS2013x86/X64/EdkCompatibilityPkg/Foundation/Efi/Protocol/EfiProtocolLib/OUTPUT/FormBrowser2/FormBrowser2.obj
e:/edkii/shelldevkit/Build/EdkShellPkg/RELEASE_VS2013x86/X64/EdkCompatibilityPkg/Foundation/Efi/Protocol/EfiProtocolLib/OUTPUT/GraphicsOutput/GraphicsOutput.obj
e:/edkii/shelldevkit/Build/EdkShellPkg/RELEASE_VS2013x86/X64/EdkCompatibilityPkg/Foundation/Efi/Protocol/EfiProtocolLib/OUTPUT/HiiConfigAccess/HiiConfigAccess.obj
e:/edkii/shelldevkit/Build/EdkShellPkg/RELEASE_VS2013x86/X64/EdkCompatibilityPkg/Foundation/Efi/Protocol/EfiProtocolLib/OUTPUT/HiiConfigRouting/HiiConfigRouting.obj
e:/edkii/shelldevkit/Build/EdkShellPkg/RELEASE_VS2013x86/X64/EdkCompatibilityPkg/Foundation/Efi/Protocol/EfiProtocolLib/OUTPUT/HiiDatabase/HiiDatabase.obj
e:/edkii/shelldevkit/Build/EdkShellPkg/RELEASE_VS2013x86/X64/EdkCompatibilityPkg/Foundation/Efi/Protocol/EfiProtocolLib/OUTPUT/HiiFont/HiiFont.obj
e:/edkii/shelldevkit/Build/EdkShellPkg/RELEASE_VS2013x86/X64/EdkCompatibilityPkg/Foundation/Efi/Protocol/EfiProtocolLib/OUTPUT/HiiImage/HiiImage.obj
e:/edkii/shelldevkit/Build/EdkShellPkg/RELEASE_VS2013x86/X64/EdkCompatibilityPkg/Foundation/Efi/Protocol/EfiProtocolLib/OUTPUT/HiiPackageList/HiiPackageList.obj
e:/edkii/shelldevkit/Build/EdkShellPkg/RELEASE_VS2013x86/X64/EdkCompatibilityPkg/Foundation/Efi/Protocol/EfiProtocolLib/OUTPUT/HiiString/HiiString.obj
e:/edkii/shelldevkit/Build/EdkShellPkg/RELEASE_VS2013x86/X64/EdkCompatibilityPkg/Foundation/Efi/Protocol/EfiProtocolLib/OUTPUT/Ip4/Ip4.obj
e:/edkii/shelldevkit/Build/EdkShellPkg/RELEASE_VS2013x86/X64/EdkCompatibilityPkg/Foundation/Efi/Protocol/EfiProtocolLib/OUTPUT/Ip4Config/Ip4Config.obj
e:/edkii/shelldevkit/Build/EdkShellPkg/RELEASE_VS2013x86/X64/EdkCompatibilityPkg/Foundation/Efi/Protocol/EfiProtocolLib/OUTPUT/LoadedImage/LoadedImage.obj
e:/edkii/shelldevkit/Build/EdkShellPkg/RELEASE_VS2013x86/X64/EdkCompatibilityPkg/Foundation/Efi/Protocol/EfiProtocolLib/OUTPUT/LoadedImageDevicePath/LoadedImageDevicePath.obj
e:/edkii/shelldevkit/Build/EdkShellPkg/RELEASE_VS2013x86/X64/EdkCompatibilityPkg/Foundation/Efi/Protocol/EfiProtocolLib/OUTPUT/LoadFile/LoadFile.obj
e:/edkii/shelldevkit/Build/EdkShellPkg/RELEASE_VS2013x86/X64/EdkCompatibilityPkg/Foundation/Efi/Protocol/EfiProtocolLib/OUTPUT/LoadFile2/LoadFile2.obj
e:/edkii/shelldevkit/Build/EdkShellPkg/RELEASE_VS2013x86/X64/EdkCompatibilityPkg/Foundation/Efi/Protocol/EfiProtocolLib/OUTPUT/ManagedNetwork/ManagedNetwork.obj
e:/edkii/shelldevkit/Build/EdkShellPkg/RELEASE_VS2013x86/X64/EdkCompatibilityPkg/Foundation/Efi/Protocol/EfiProtocolLib/OUTPUT/Mtftp4/Mtftp4.obj
e:/edkii/shelldevkit/Build/EdkShellPkg/RELEASE_VS2013x86/X64/EdkCompatibilityPkg/Foundation/Efi/Protocol/EfiProtocolLib/OUTPUT/PciIo/PciIo.obj
e:/edkii/shelldevkit/Build/EdkShellPkg/RELEASE_VS2013x86/X64/EdkCompatibilityPkg/Foundation/Efi/Protocol/EfiProtocolLib/OUTPUT/PciRootBridgeIo/PciRootBridgeIo.obj
e:/edkii/shelldevkit/Build/EdkShellPkg/RELEASE_VS2013x86/X64/EdkCompatibilityPkg/Foundation/Efi/Protocol/EfiProtocolLib/OUTPUT/PlatformDriverOverride/PlatformDriverOverride.obj
e:/edkii/shelldevkit/Build/EdkShellPkg/RELEASE_VS2013x86/X64/EdkCompatibilityPkg/Foundation/Efi/Protocol/EfiProtocolLib/OUTPUT/PlatformToDriverConfiguration/PlatformToDriverConfiguration.obj
e:/edkii/shelldevkit/Build/EdkShellPkg/RELEASE_VS2013x86/X64/EdkCompatibilityPkg/Foundation/Efi/Protocol/EfiProtocolLib/OUTPUT/PxeBaseCode/PxeBaseCode.obj
e:/edkii/shelldevkit/Build/EdkShellPkg/RELEASE_VS2013x86/X64/EdkCompatibilityPkg/Foundation/Efi/Protocol/EfiProtocolLib/OUTPUT/PxeBaseCodeCallBack/PxeBaseCodeCallBack.obj
e:/edkii/shelldevkit/Build/EdkShellPkg/RELEASE_VS2013x86/X64/EdkCompatibilityPkg/Foundation/Efi/Protocol/EfiProtocolLib/OUTPUT/ScsiPassThru/ScsiPassThru.obj
e:/edkii/shelldevkit/Build/EdkShellPkg/RELEASE_VS2013x86/X64/EdkCompatibilityPkg/Foundation/Efi/Protocol/EfiProtocolLib/OUTPUT/SerialIo/SerialIo.obj
e:/edkii/shelldevkit/Build/EdkShellPkg/RELEASE_VS2013x86/X64/EdkCompatibilityPkg/Foundation/Efi/Protocol/EfiProtocolLib/OUTPUT/SimpleFileSystem/SimpleFileSystem.obj
e:/edkii/shelldevkit/Build/EdkShellPkg/RELEASE_VS2013x86/X64/EdkCompatibilityPkg/Foundation/Efi/Protocol/EfiProtocolLib/OUTPUT/SimpleNetwork/SimpleNetwork.obj
e:/edkii/shelldevkit/Build/EdkShellPkg/RELEASE_VS2013x86/X64/EdkCompatibilityPkg/Foundation/Efi/Protocol/EfiProtocolLib/OUTPUT/SimplePointer/SimplePointer.obj
e:/edkii/shelldevkit/Build/EdkShellPkg/RELEASE_VS2013x86/X64/EdkCompatibilityPkg/Foundation/Efi/Protocol/EfiProtocolLib/OUTPUT/SimpleTextIn/SimpleTextIn.obj
e:/edkii/shelldevkit/Build/EdkShellPkg/RELEASE_VS2013x86/X64/EdkCompatibilityPkg/Foundation/Efi/Protocol/EfiProtocolLib/OUTPUT/SimpleTextInputEx/SimpleTextInputEx.obj
e:/edkii/shelldevkit/Build/EdkShellPkg/RELEASE_VS2013x86/X64/EdkCompatibilityPkg/Foundation/Efi/Protocol/EfiProtocolLib/OUTPUT/SimpleTextOut/SimpleTextOut.obj
e:/edkii/shelldevkit/Build/EdkShellPkg/RELEASE_VS2013x86/X64/EdkCompatibilityPkg/Foundation/Efi/Protocol/EfiProtocolLib/OUTPUT/Udp4/Udp4.obj
e:/edkii/shelldevkit/Build/EdkShellPkg/RELEASE_VS2013x86/X64/EdkCompatibilityPkg/Foundation/Efi/Protocol/EfiProtocolLib/OUTPUT/UgaDraw/UgaDraw.obj
e:/edkii/shelldevkit/Build/EdkShellPkg/RELEASE_VS2013x86/X64/EdkCompatibilityPkg/Foundation/Efi/Protocol/EfiProtocolLib/OUTPUT/UgaIo/UgaIo.obj
e:/edkii/shelldevkit/Build/EdkShellPkg/RELEASE_VS2013x86/X64/EdkCompatibilityPkg/Foundation/Efi/Protocol/EfiProtocolLib/OUTPUT/UnicodeCollation/UnicodeCollation.obj
e:/edkii/shelldevkit/Build/EdkShellPkg/RELEASE_VS2013x86/X64/EdkCompatibilityPkg/Foundation/Efi/Protocol/EfiProtocolLib/OUTPUT/UnicodeCollation2/UnicodeCollation2.obj
e:/edkii/shelldevkit/Build/EdkShellPkg/RELEASE_VS2013x86/X64/EdkCompatibilityPkg/Foundation/Efi/Protocol/EfiProtocolLib/OUTPUT/UsbHostController/UsbHostController.obj
e:/edkii/shelldevkit/Build/EdkShellPkg/RELEASE_VS2013x86/X64/EdkCompatibilityPkg/Foundation/Efi/Protocol/EfiProtocolLib/OUTPUT/UsbIo/UsbIo.obj
e:/edkii/shelldevkit/Build/EdkShellPkg/RELEASE_VS2013x86/X64/EdkCompatibilityPkg/Foundation/Efi/Protocol/EfiProtocolLib/OUTPUT/Hash/Hash.obj
e:/edkii/shelldevkit/Build/EdkShellPkg/RELEASE_VS2013x86/X64/EdkCompatibilityPkg/Foundation/Efi/Protocol/EfiProtocolLib/OUTPUT/ScsiPassThruExt/ScsiPassThruExt.obj
e:/edkii/shelldevkit/Build/EdkShellPkg/RELEASE_VS2013x86/X64/EdkCompatibilityPkg/Foundation/Efi/Protocol/EfiProtocolLib/OUTPUT/ScsiIo/ScsiIo.obj
e:/edkii/shelldevkit/Build/EdkShellPkg/RELEASE_VS2013x86/X64/EdkCompatibilityPkg/Foundation/Efi/Protocol/EfiProtocolLib/OUTPUT/TapeIo/TapeIo.obj
e:/edkii/shelldevkit/Build/EdkShellPkg/RELEASE_VS2013x86/X64/EdkCompatibilityPkg/Foundation/Efi/Protocol/EfiProtocolLib/OUTPUT/Tcp4/Tcp4.obj
e:/edkii/shelldevkit/Build/EdkShellPkg/RELEASE_VS2013x86/X64/EdkCompatibilityPkg/Foundation/Efi/Protocol/EfiProtocolLib/OUTPUT/IScsiInitiatorName/IScsiInitiatorName.obj