e:/edkii/shelldevkit/Build/EdkShellPkg/RELEASE_VS2013x86/X64/EdkCompatibilityPkg/Foundation/Guid/EdkGuidLib/OUTPUT/AcpiDescription/AcpiDescription.obj
e:/edkii/shelldevkit/Build/EdkShellPkg/RELEASE_VS2013x86/X64/EdkCompatibilityPkg/Foundation/Guid/EdkGuidLib/OUTPUT/AlternateFvBlock/AlternateFvBlock.obj
e:/edkii/shelldevkit/Build/EdkShellPkg/RELEASE_VS2013x86/X64/EdkCompatibilityPkg/Foundation/Guid/EdkGuidLib/OUTPUT/Bmp/Bmp.obj
e:/edkii/shelldevkit/Build/EdkShellPkg/RELEASE_VS2013x86/X64/EdkCompatibilityPkg/Foundation/Guid/EdkGuidLib/OUTPUT/BootState/BootState.obj
e:/edkii/shelldevkit/Build/EdkShellPkg/RELEASE_VS2013x86/X64/EdkCompatibilityPkg/Foundation/Guid/EdkGuidLib/OUTPUT/Capsule/Capsule.obj
e:/edkii/shelldevkit/Build/EdkShellPkg/RELEASE_VS2013x86/X64/EdkCompatibilityPkg/Foundation/Guid/EdkGuidLib/OUTPUT/CompatibleMemoryTested/CompatibleMemoryTested.obj
e:/edkii/shelldevkit/Build/EdkShellPkg/RELEASE_VS2013x86/X64/EdkCompatibilityPkg/Foundation/Guid/EdkGuidLib/OUTPUT/ConsoleInDevice/ConsoleInDevice.obj
e:/edkii/shelldevkit/Build/EdkShellPkg/RELEASE_VS2013x86/X64/EdkCompatibilityPkg/Foundation/Guid/EdkGuidLib/OUTPUT/ConsoleOutDevice/ConsoleOutDevice.obj
e:/edkii/shelldevkit/Build/EdkShellPkg/RELEASE_VS2013x86/X64/EdkCompatibilityPkg/Foundation/Guid/EdkGuidLib/OUTPUT/EfiShell/EfiShell.obj
e:/edkii/shelldevkit/Build/EdkShellPkg/RELEASE_VS2013x86/X64/EdkCompatibilityPkg/Foundation/Guid/EdkGuidLib/OUTPUT/FlashMapHob/FlashMapHob.obj
e:/edkii/shelldevkit/Build/EdkShellPkg/RELEASE_VS2013x86/X64/EdkCompatibilityPkg/Foundation/Guid/EdkGuidLib/OUTPUT/HotPlugDevice/HotPlugDevice.obj
e:/edkii/shelldevkit/Build/EdkShellPkg/RELEASE_VS2013x86/X64/EdkCompatibilityPkg/Foundation/Guid/EdkGuidLib/OUTPUT/IoBaseHob/IoBaseHob.obj
e:/edkii/shelldevkit/Build/EdkShellPkg/RELEASE_VS2013x86/X64/EdkCompatibilityPkg/Foundation/Guid/EdkGuidLib/OUTPUT/MemoryTypeInformation/MemoryTypeInformation.obj
e:/edkii/shelldevkit/Build/EdkShellPkg/RELEASE_VS2013x86/X64/EdkCompatibilityPkg/Foundation/Guid/EdkGuidLib/OUTPUT/PciHotPlugDevice/PciHotPlugDevice.obj
e:/edkii/shelldevkit/Build/EdkShellPkg/RELEASE_VS2013x86/X64/EdkCompatibilityPkg/Foundation/Guid/EdkGuidLib/OUTPUT/PciOptionRomTable/PciOptionRomTable.obj
e:/edkii/shelldevkit/Build/EdkShellPkg/RELEASE_VS2013x86/X64/EdkCompatibilityPkg/Foundation/Guid/EdkGuidLib/OUTPUT/PciExpressBaseAddress/PciExpressBaseAddress.obj
e:/edkii/shelldevkit/Build/EdkShellPkg/RELEASE_VS2013x86/X64/EdkCompatibilityPkg/Foundation/Guid/EdkGuidLib/OUTPUT/PeiFlushInstructionCache/PeiFlushInstructionCache.obj
e:/edkii/shelldevkit/Build/EdkShellPkg/RELEASE_VS2013x86/X64/EdkCompatibilityPkg/Foundation/Guid/EdkGuidLib/OUTPUT/PeiPeCoffLoader/PeiPeCoffLoader.obj
e:/edkii/shelldevkit/Build/EdkShellPkg/RELEASE_VS2013x86/X64/EdkCompatibilityPkg/Foundation/Guid/EdkGuidLib/OUTPUT/PeiPerformanceHob/PeiPerformanceHob.obj
e:/edkii/shelldevkit/Build/EdkShellPkg/RELEASE_VS2013x86/X64/EdkCompatibilityPkg/Foundation/Guid/EdkGuidLib/OUTPUT/PeiTransferControl/PeiTransferControl.obj
e:/edkii/shelldevkit/Build/EdkShellPkg/RELEASE_VS2013x86/X64/EdkCompatibilityPkg/Foundation/Guid/EdkGuidLib/OUTPUT/PrimaryConsoleInDevice/PrimaryConsoleInDevice.obj
e:/edkii/shelldevkit/Build/EdkShellPkg/RELEASE_VS2013x86/X64/EdkCompatibilityPkg/Foundation/Guid/EdkGuidLib/OUTPUT/PrimaryConsoleOutDevice/PrimaryConsoleOutDevice.obj
e:/edkii/shelldevkit/Build/EdkShellPkg/RELEASE_VS2013x86/X64/EdkCompatibilityPkg/Foundation/Guid/EdkGuidLib/OUTPUT/PrimaryStandardErrorDevice/PrimaryStandardErrorDevice.obj
e:/edkii/shelldevkit/Build/EdkShellPkg/RELEASE_VS2013x86/X64/EdkCompatibilityPkg/Foundation/Guid/EdkGuidLib/OUTPUT/StandardErrorDevice/StandardErrorDevice.obj
e:/edkii/shelldevkit/Build/EdkShellPkg/RELEASE_VS2013x86/X64/EdkCompatibilityPkg/Foundation/Guid/EdkGuidLib/OUTPUT/StatusCode/StatusCode.obj
e:/edkii/shelldevkit/Build/EdkShellPkg/RELEASE_VS2013x86/X64/EdkCompatibilityPkg/Foundation/Guid/EdkGuidLib/OUTPUT/StatusCodeCallerId/StatusCodeCallerId.obj
e:/edkii/shelldevkit/Build/EdkShellPkg/RELEASE_VS2013x86/X64/EdkCompatibilityPkg/Foundation/Guid/EdkGuidLib/OUTPUT/SystemNvDataGuid/SystemNvDataGuid.obj
e:/edkii/shelldevkit/Build/EdkShellPkg/RELEASE_VS2013x86/X64/EdkCompatibilityPkg/Foundation/Guid/EdkGuidLib/OUTPUT/EventLegacyBios/EventLegacyBios.obj
e:/edkii/shelldevkit/Build/EdkShellPkg/RELEASE_VS2013x86/X64/EdkCompatibilityPkg/Foundation/Guid/EdkGuidLib/OUTPUT/GenericVariable/GenericVariable.obj